0 info it worked if it ends with ok
1 verbose cli [ '/usr/local/Cellar/node/6.2.2/bin/node',
1 verbose cli   '/usr/local/bin/npm',
1 verbose cli   'run',
1 verbose cli   'deploy' ]
2 info using npm@3.9.5
3 info using node@v6.2.2
4 warn invalid config loglevel=""
5 verbose config Skipping project config: /Users/calebeggers/.npmrc. (matches userconfig)
6 verbose stack Error: ENOENT: no such file or directory, open '/Users/calebeggers/package.json'
6 verbose stack     at Error (native)
7 verbose cwd /Users/calebeggers/Desktop/iron-yard-projects/color-clock
8 error Darwin 15.0.0
9 error argv "/usr/local/Cellar/node/6.2.2/bin/node" "/usr/local/bin/npm" "run" "deploy"
10 error node v6.2.2
11 error npm  v3.9.5
12 error path /Users/calebeggers/package.json
13 error code ENOENT
14 error errno -2
15 error syscall open
16 error enoent ENOENT: no such file or directory, open '/Users/calebeggers/package.json'
17 error enoent ENOENT: no such file or directory, open '/Users/calebeggers/package.json'
17 error enoent This is most likely not a problem with npm itself
17 error enoent and is related to npm not being able to find a file.
18 verbose exit [ -2, true ]
